Using pre-set license
Built from '2022.3/staging' branch; Version is '2022.3.15f1 (b58023a2b463) revision 11894819'; Using compiler version '192829333'; Build Type 'Release'
OS: 'Windows 10  (10.0.19045) 64bit Professional' Language: 'es' Physical Memory: 32509 MB
BatchMode: 1, IsHumanControllingUs: 0, StartBugReporterOnCrash: 0, Is64bit: 1, IsPro: 1

COMMAND LINE ARGUMENTS:
C:\Program Files\Unity\Hub\Editor\2022.3.15f1\Editor\Unity.exe
-adb2
-batchMode
-noUpm
-name
AssetImportWorker0
-projectPath
E:/repositorios/Rubidium_repositorios/rubidium/Escala_Clinica/ClinicalScaleMeter
-logFile
Logs/AssetImportWorker0.log
-srvPort
53393
Successfully changed project path to: E:/repositorios/Rubidium_repositorios/rubidium/Escala_Clinica/ClinicalScaleMeter
E:/repositorios/Rubidium_repositorios/rubidium/Escala_Clinica/ClinicalScaleMeter
[UnityMemory] Configuration Parameters - Can be set up in boot.config
    "memorysetup-bucket-allocator-granularity=16"
    "memorysetup-bucket-allocator-bucket-count=8"
    "memorysetup-bucket-allocator-block-size=33554432"
    "memorysetup-bucket-allocator-block-count=8"
    "memorysetup-main-allocator-block-size=16777216"
    "memorysetup-thread-allocator-block-size=16777216"
    "memorysetup-gfx-main-allocator-block-size=16777216"
    "memorysetup-gfx-thread-allocator-block-size=16777216"
    "memorysetup-cache-allocator-block-size=4194304"
    "memorysetup-typetree-allocator-block-size=2097152"
    "memorysetup-profiler-bucket-allocator-granularity=16"
    "memorysetup-profiler-bucket-allocator-bucket-count=8"
    "memorysetup-profiler-bucket-allocator-block-size=33554432"
    "memorysetup-profiler-bucket-allocator-block-count=8"
    "memorysetup-profiler-allocator-block-size=16777216"
    "memorysetup-profiler-editor-allocator-block-size=1048576"
    "memorysetup-temp-allocator-size-main=16777216"
    "memorysetup-job-temp-allocator-block-size=2097152"
    "memorysetup-job-temp-allocator-block-size-background=1048576"
    "memorysetup-job-temp-allocator-reduction-small-platforms=262144"
    "memorysetup-allocator-temp-initial-block-size-main=262144"
    "memorysetup-allocator-temp-initial-block-size-worker=262144"
    "memorysetup-temp-allocator-size-background-worker=32768"
    "memorysetup-temp-allocator-size-job-worker=262144"
    "memorysetup-temp-allocator-size-preload-manager=33554432"
    "memorysetup-temp-allocator-size-nav-mesh-worker=65536"
    "memorysetup-temp-allocator-size-audio-worker=65536"
    "memorysetup-temp-allocator-size-cloud-worker=32768"
    "memorysetup-temp-allocator-size-gi-baking-worker=262144"
    "memorysetup-temp-allocator-size-gfx=262144"
Player connection [10436] Host "[IP] 10.1.28.104 [Port] 0 [Flags] 2 [Guid] 368815079 [EditorId] 368815079 [Version] 1048832 [Id] WindowsEditor(7,DESKTOP-LBSRUIJ) [Debug] 1 [PackageName] WindowsEditor [ProjectName] Editor" joined multi-casting on [225.0.0.222:54997]...

Player connection [10436] Host "[IP] 10.1.28.104 [Port] 0 [Flags] 2 [Guid] 368815079 [EditorId] 368815079 [Version] 1048832 [Id] WindowsEditor(7,DESKTOP-LBSRUIJ) [Debug] 1 [PackageName] WindowsEditor [ProjectName] Editor" joined alternative multi-casting on [225.0.0.222:34997]...

[Physics::Module] Initialized MultithreadedJobDispatcher with 23 workers.
Refreshing native plugins compatible for Editor in 5.98 ms, found 2 plugins.
Preloading 0 native plugins for Editor in 0.00 ms.
Initialize engine version: 2022.3.15f1 (b58023a2b463)
[Subsystems] Discovering subsystems at path C:/Program Files/Unity/Hub/Editor/2022.3.15f1/Editor/Data/Resources/UnitySubsystems
[Subsystems] Discovering subsystems at path E:/repositorios/Rubidium_repositorios/rubidium/Escala_Clinica/ClinicalScaleMeter/Assets
GfxDevice: creating device client; threaded=0; jobified=0
Direct3D:
    Version:  Direct3D 11.0 [level 11.1]
    Renderer: NVIDIA GeForce RTX 4070 Ti (ID=0x2782)
    Vendor:   NVIDIA
    VRAM:     11996 MB
    Driver:   32.0.15.6094
Initialize mono
Mono path[0] = 'C:/Program Files/Unity/Hub/Editor/2022.3.15f1/Editor/Data/Managed'
Mono path[1] = 'C:/Program Files/Unity/Hub/Editor/2022.3.15f1/Editor/Data/MonoBleedingEdge/lib/mono/unityjit-win32'
Mono config path = 'C:/Program Files/Unity/Hub/Editor/2022.3.15f1/Editor/Data/MonoBleedingEdge/etc'
Using monoOptions --debugger-agent=transport=dt_socket,embedding=1,server=y,suspend=n,address=127.0.0.1:56536
Begin MonoManager ReloadAssembly
Registering precompiled unity dll's ...
Register platform support module: C:/Program Files/Unity/Hub/Editor/2022.3.15f1/Editor/Data/PlaybackEngines/WindowsStandaloneSupport/UnityEditor.WindowsStandalone.Extensions.dll
Register platform support module: C:/Program Files/Unity/Hub/Editor/2022.3.15f1/Editor/Data/PlaybackEngines/MetroSupport/UnityEditor.UWP.Extensions.dll
Registered in 0.011562 seconds.
- Loaded All Assemblies, in  0.358 seconds
Native extension for UWP target not found
Native extension for WindowsStandalone target not found
Mono: successfully reloaded assembly
- Finished resetting the current domain, in  0.261 seconds
Domain Reload Profiling: 617ms
	BeginReloadAssembly (116ms)
		ExecutionOrderSort (0ms)
		DisableScriptedObjects (0ms)
		BackupInstance (0ms)
		ReleaseScriptingObjects (0ms)
		CreateAndSetChildDomain (1ms)
	RebuildCommonClasses (32ms)
	RebuildNativeTypeToScriptingClass (10ms)
	initialDomainReloadingComplete (61ms)
	LoadAllAssembliesAndSetupDomain (137ms)
		LoadAssemblies (115ms)
		RebuildTransferFunctionScriptingTraits (0ms)
		AnalyzeDomain (134ms)
			TypeCache.Refresh (133ms)
				TypeCache.ScanAssembly (120ms)
			ScanForSourceGeneratedMonoScriptInfo (0ms)
			ResolveRequiredComponents (1ms)
	FinalizeReload (261ms)
		ReleaseScriptCaches (0ms)
		RebuildScriptCaches (0ms)
		SetupLoadedEditorAssemblies (204ms)
			LogAssemblyErrors (0ms)
			InitializePlatformSupportModulesInManaged (11ms)
			SetLoadedEditorAssemblies (5ms)
			RefreshPlugins (0ms)
			BeforeProcessingInitializeOnLoad (2ms)
			ProcessInitializeOnLoadAttributes (136ms)
			ProcessInitializeOnLoadMethodAttributes (50ms)
			AfterProcessingInitializeOnLoad (0ms)
			EditorAssembliesLoaded (0ms)
		ExecutionOrderSort2 (0ms)
		AwakeInstancesAfterBackupRestoration (0ms)
========================================================================
Worker process is ready to serve import requests
Begin MonoManager ReloadAssembly
- Loaded All Assemblies, in  0.477 seconds
Refreshing native plugins compatible for Editor in 2.58 ms, found 2 plugins.
Native extension for UWP target not found
Native extension for WindowsStandalone target not found
Package Manager log level set to [2]
[Package Manager] Server::EnsureServerProcessIsRunning -- launch failed, reason: Unity was launched with the -noUpm command-line argument
[Package Manager] UpmClient::Send -- Unable to send message (not connected to UPM process).
[Package Manager] Cannot connect to Unity Package Manager local server
Mono: successfully reloaded assembly
- Finished resetting the current domain, in  0.546 seconds
Domain Reload Profiling: 1021ms
	BeginReloadAssembly (153ms)
		ExecutionOrderSort (0ms)
		DisableScriptedObjects (5ms)
		BackupInstance (0ms)
		ReleaseScriptingObjects (0ms)
		CreateAndSetChildDomain (22ms)
	RebuildCommonClasses (32ms)
	RebuildNativeTypeToScriptingClass (10ms)
	initialDomainReloadingComplete (38ms)
	LoadAllAssembliesAndSetupDomain (242ms)
		LoadAssemblies (257ms)
		RebuildTransferFunctionScriptingTraits (0ms)
		AnalyzeDomain (79ms)
			TypeCache.Refresh (68ms)
				TypeCache.ScanAssembly (55ms)
			ScanForSourceGeneratedMonoScriptInfo (7ms)
			ResolveRequiredComponents (3ms)
	FinalizeReload (546ms)
		ReleaseScriptCaches (0ms)
		RebuildScriptCaches (0ms)
		SetupLoadedEditorAssemblies (409ms)
			LogAssemblyErrors (0ms)
			InitializePlatformSupportModulesInManaged (8ms)
			SetLoadedEditorAssemblies (3ms)
			RefreshPlugins (0ms)
			BeforeProcessingInitializeOnLoad (51ms)
			ProcessInitializeOnLoadAttributes (317ms)
			ProcessInitializeOnLoadMethodAttributes (23ms)
			AfterProcessingInitializeOnLoad (7ms)
			EditorAssembliesLoaded (0ms)
		ExecutionOrderSort2 (0ms)
		AwakeInstancesAfterBackupRestoration (11ms)
Launched and connected shader compiler UnityShaderCompiler.exe after 0.04 seconds
Refreshing native plugins compatible for Editor in 1.89 ms, found 2 plugins.
Preloading 0 native plugins for Editor in 0.00 ms.
Unloading 1442 Unused Serialized files (Serialized files now loaded: 0)
Unloading 22 unused Assets / (54.5 KB). Loaded Objects now: 1919.
Memory consumption went from 90.5 MB to 90.4 MB.
Total: 1.625500 ms (FindLiveObjects: 0.076600 ms CreateObjectMapping: 0.017500 ms MarkObjects: 1.458900 ms  DeleteObjects: 0.071500 ms)

AssetImportParameters requested are different than current active one (requested -> active):
  custom:video-encoder-webm-vp8: eb34c28f22e8b96e1ab97ce403110664 -> 
  custom:video-decoder-webm-vp8: 9c59270c3fd7afecdb556c50c9e8de78 -> 
  custom:audio-decoder-ogg-vorbis: bf7c407c2cedff20999df2af8eb42d56 -> 
  custom:SearchIndexIgnoredProperties: e643bd26f0fe6173181afceb89e7c659 -> 
  custom:container-demuxer-ogg: 62fdf1f143b41e24485cea50d1cbac27 -> 
  custom:AudioImporter_EditorPlatform: d09bf68614088b80899f8185d706f6e7 -> 
  custom:CustomObjectIndexerAttribute: 43b350a4d6e6d1791af0b5038c4bea17 -> 
  custom:container-demuxer-webm: 4f35f7cbe854078d1ac9338744f61a02 -> 
  custom:video-decoder-ogg-theora: a1e56fd34408186e4bbccfd4996cb3dc -> 
  custom:audio-encoder-webm-vorbis: bf7c407c2cedff20999df2af8eb42d56 -> 
  custom:framework-win-MediaFoundation: 216162199b28c13a410421893ffa2e32 -> 
  custom:container-muxer-webm: aa71ff27fc2769a1b78a27578f13a17b -> 
========================================================================
Received Import Request.
  Time since last request: 11112.787405 seconds.
  path: Assets/Sprites/clinicalpaths
  artifactKey: Guid(164432d0d0d72ab49881c251bec772d7) Importer(815301076,1909f56bfc062723c751e8b465ee728b)
Start importing Assets/Sprites/clinicalpaths using Guid(164432d0d0d72ab49881c251bec772d7) Importer(815301076,1909f56bfc062723c751e8b465ee728b)  -> (artifact id: 'd3d5b2f30e730740ff864d269b6d8bbe') in 0.001919 seconds
Number of updated asset objects reloaded before import = 0
Number of asset objects unloaded after import = 0
========================================================================
Received Import Request.
  Time since last request: 86.351129 seconds.
  path: Assets/Prefabs/paths
  artifactKey: Guid(2d44ea56fb807924e8f0a41d4f80cbbb) Importer(815301076,1909f56bfc062723c751e8b465ee728b)
Start importing Assets/Prefabs/paths using Guid(2d44ea56fb807924e8f0a41d4f80cbbb) Importer(815301076,1909f56bfc062723c751e8b465ee728b)  -> (artifact id: '98ba6f1b5a95fdc58eee72fb3303bcb9') in 0.001936 seconds
Number of updated asset objects reloaded before import = 0
Number of asset objects unloaded after import = 0
========================================================================
Received Import Request.
  Time since last request: 17.879865 seconds.
  path: Assets/Prefabs/paths/ABD_Hombro 1.prefab
  artifactKey: Guid(709d4ed265f8b3144a0d1da02266d50a) Importer(815301076,1909f56bfc062723c751e8b465ee728b)
Start importing Assets/Prefabs/paths/ABD_Hombro 1.prefab using Guid(709d4ed265f8b3144a0d1da02266d50a) Importer(815301076,1909f56bfc062723c751e8b465ee728b)  -> (artifact id: 'c593f6ece0dbc21b2c20ef8c496fdeb7') in 0.098774 seconds
Number of updated asset objects reloaded before import = 0
Number of asset objects unloaded after import = 28
========================================================================
Received Import Request.
  Time since last request: 0.890371 seconds.
  path: Assets/Prefabs/paths/ABD_Hombro 1.prefab
  artifactKey: Guid(709d4ed265f8b3144a0d1da02266d50a) Importer(815301076,1909f56bfc062723c751e8b465ee728b)
Start importing Assets/Prefabs/paths/ABD_Hombro 1.prefab using Guid(709d4ed265f8b3144a0d1da02266d50a) Importer(815301076,1909f56bfc062723c751e8b465ee728b)  -> (artifact id: 'f8556d2cd8dc55613ceaab63067257e3') in 0.009844 seconds
Number of updated asset objects reloaded before import = 0
Number of asset objects unloaded after import = 28
========================================================================
Received Import Request.
  Time since last request: 27.402907 seconds.
  path: Assets/Prefabs/paths/ABD_Hombro 1.prefab
  artifactKey: Guid(709d4ed265f8b3144a0d1da02266d50a) Importer(815301076,1909f56bfc062723c751e8b465ee728b)
Start importing Assets/Prefabs/paths/ABD_Hombro 1.prefab using Guid(709d4ed265f8b3144a0d1da02266d50a) Importer(815301076,1909f56bfc062723c751e8b465ee728b)  -> (artifact id: 'ee3b16e776aefbb59fb4431d262b257f') in 0.008733 seconds
Number of updated asset objects reloaded before import = 0
Number of asset objects unloaded after import = 28
========================================================================
Received Import Request.
  Time since last request: 52.019214 seconds.
  path: Assets/Prefabs/paths/ABD_Hombro 1.prefab
  artifactKey: Guid(709d4ed265f8b3144a0d1da02266d50a) Importer(815301076,1909f56bfc062723c751e8b465ee728b)
Start importing Assets/Prefabs/paths/ABD_Hombro 1.prefab using Guid(709d4ed265f8b3144a0d1da02266d50a) Importer(815301076,1909f56bfc062723c751e8b465ee728b)  -> (artifact id: 'd2f4150ae3ed114ea4a5a51d4c035b6a') in 0.008563 seconds
Number of updated asset objects reloaded before import = 0
Number of asset objects unloaded after import = 28
========================================================================
Received Import Request.
  Time since last request: 662.000537 seconds.
  path: Assets/Prefabs/paths/RotExterna_Hombro.prefab
  artifactKey: Guid(1ec7006b8d62bf543b5c5552e90300f2) Importer(815301076,1909f56bfc062723c751e8b465ee728b)
Start importing Assets/Prefabs/paths/RotExterna_Hombro.prefab using Guid(1ec7006b8d62bf543b5c5552e90300f2) Importer(815301076,1909f56bfc062723c751e8b465ee728b)  -> (artifact id: '00118b1ac16f03f017a0f2498f30017d') in 0.009638 seconds
Number of updated asset objects reloaded before import = 0
Number of asset objects unloaded after import = 28
========================================================================
Received Import Request.
  Time since last request: 20.190749 seconds.
  path: Assets/Prefabs/paths/RotExterna_Hombro.prefab
  artifactKey: Guid(1ec7006b8d62bf543b5c5552e90300f2) Importer(815301076,1909f56bfc062723c751e8b465ee728b)
Start importing Assets/Prefabs/paths/RotExterna_Hombro.prefab using Guid(1ec7006b8d62bf543b5c5552e90300f2) Importer(815301076,1909f56bfc062723c751e8b465ee728b)  -> (artifact id: '86bd92c09dd0f237597d9d22d33a4aba') in 0.009778 seconds
Number of updated asset objects reloaded before import = 0
Number of asset objects unloaded after import = 28
========================================================================
Received Import Request.
  Time since last request: 27.002992 seconds.
  path: Assets/Prefabs/paths/RotExterna_Hombro.prefab
  artifactKey: Guid(1ec7006b8d62bf543b5c5552e90300f2) Importer(815301076,1909f56bfc062723c751e8b465ee728b)
Start importing Assets/Prefabs/paths/RotExterna_Hombro.prefab using Guid(1ec7006b8d62bf543b5c5552e90300f2) Importer(815301076,1909f56bfc062723c751e8b465ee728b)  -> (artifact id: '11aca33914ea39fb6848f567a655f835') in 0.008477 seconds
Number of updated asset objects reloaded before import = 0
Number of asset objects unloaded after import = 28
========================================================================
Received Import Request.
  Time since last request: 25.479501 seconds.
  path: Assets/Prefabs/paths/RotInterna_Hombro.prefab
  artifactKey: Guid(e2a54adf648584045be232607bbfb7f7) Importer(815301076,1909f56bfc062723c751e8b465ee728b)
Start importing Assets/Prefabs/paths/RotInterna_Hombro.prefab using Guid(e2a54adf648584045be232607bbfb7f7) Importer(815301076,1909f56bfc062723c751e8b465ee728b)  -> (artifact id: 'b57bdeff9dfc519378ed5e44cbba7977') in 0.009233 seconds
Number of updated asset objects reloaded before import = 0
Number of asset objects unloaded after import = 28
========================================================================
Received Import Request.
  Time since last request: 9.279835 seconds.
  path: Assets/Prefabs/paths/RotInterna_Hombro.prefab
  artifactKey: Guid(e2a54adf648584045be232607bbfb7f7) Importer(815301076,1909f56bfc062723c751e8b465ee728b)
Start importing Assets/Prefabs/paths/RotInterna_Hombro.prefab using Guid(e2a54adf648584045be232607bbfb7f7) Importer(815301076,1909f56bfc062723c751e8b465ee728b)  -> (artifact id: 'c4f41449ce6d15bd5b83bc13d83f5462') in 0.011958 seconds
Number of updated asset objects reloaded before import = 0
Number of asset objects unloaded after import = 28
========================================================================
Received Import Request.
  Time since last request: 12.710515 seconds.
  path: Assets/Prefabs/paths/RotInterna_Hombro.prefab
  artifactKey: Guid(e2a54adf648584045be232607bbfb7f7) Importer(815301076,1909f56bfc062723c751e8b465ee728b)
Start importing Assets/Prefabs/paths/RotInterna_Hombro.prefab using Guid(e2a54adf648584045be232607bbfb7f7) Importer(815301076,1909f56bfc062723c751e8b465ee728b)  -> (artifact id: '019974fd6d1e5d604d3bf7fd27557a08') in 0.008357 seconds
Number of updated asset objects reloaded before import = 0
Number of asset objects unloaded after import = 28
========================================================================
Received Import Request.
  Time since last request: 17.530636 seconds.
  path: Assets/Prefabs/paths/RotInterna_Hombro.prefab
  artifactKey: Guid(e2a54adf648584045be232607bbfb7f7) Importer(815301076,1909f56bfc062723c751e8b465ee728b)
Start importing Assets/Prefabs/paths/RotInterna_Hombro.prefab using Guid(e2a54adf648584045be232607bbfb7f7) Importer(815301076,1909f56bfc062723c751e8b465ee728b)  -> (artifact id: '2c62e9416491c2dfd421eb35dcf1f480') in 0.007991 seconds
Number of updated asset objects reloaded before import = 0
Number of asset objects unloaded after import = 28
========================================================================
Received Import Request.
  Time since last request: 28.761776 seconds.
  path: Assets/Prefabs/paths/ABD_Hombro 1.prefab
  artifactKey: Guid(709d4ed265f8b3144a0d1da02266d50a) Importer(815301076,1909f56bfc062723c751e8b465ee728b)
Start importing Assets/Prefabs/paths/ABD_Hombro 1.prefab using Guid(709d4ed265f8b3144a0d1da02266d50a) Importer(815301076,1909f56bfc062723c751e8b465ee728b)  -> (artifact id: '9c6cb18ca56db77c847a6ec62dd6ee51') in 0.010824 seconds
Number of updated asset objects reloaded before import = 0
Number of asset objects unloaded after import = 28
========================================================================
Received Import Request.
  Time since last request: 6.839584 seconds.
  path: Assets/Prefabs/paths/ABD_Hombro 1.prefab
  artifactKey: Guid(709d4ed265f8b3144a0d1da02266d50a) Importer(815301076,1909f56bfc062723c751e8b465ee728b)
Start importing Assets/Prefabs/paths/ABD_Hombro 1.prefab using Guid(709d4ed265f8b3144a0d1da02266d50a) Importer(815301076,1909f56bfc062723c751e8b465ee728b)  -> (artifact id: '7a494c1c036463b90a8b2fb8daad46cf') in 0.013327 seconds
Number of updated asset objects reloaded before import = 0
Number of asset objects unloaded after import = 28
========================================================================
Received Import Request.
  Time since last request: 10.277207 seconds.
  path: Assets/Prefabs/paths/ADD_Hombro.prefab
  artifactKey: Guid(ee838b9ee86e2b441ad1bd297757ce5d) Importer(815301076,1909f56bfc062723c751e8b465ee728b)
Start importing Assets/Prefabs/paths/ADD_Hombro.prefab using Guid(ee838b9ee86e2b441ad1bd297757ce5d) Importer(815301076,1909f56bfc062723c751e8b465ee728b)  -> (artifact id: '4e7c8735e767c877a1361737733555da') in 0.008417 seconds
Number of updated asset objects reloaded before import = 0
Number of asset objects unloaded after import = 28
========================================================================
Received Import Request.
  Time since last request: 8.242133 seconds.
  path: Assets/Prefabs/paths/ADD_Hombro.prefab
  artifactKey: Guid(ee838b9ee86e2b441ad1bd297757ce5d) Importer(815301076,1909f56bfc062723c751e8b465ee728b)
Start importing Assets/Prefabs/paths/ADD_Hombro.prefab using Guid(ee838b9ee86e2b441ad1bd297757ce5d) Importer(815301076,1909f56bfc062723c751e8b465ee728b)  -> (artifact id: '70b8e8dc2ddf4cafadf1300141b44eb0') in 0.008704 seconds
Number of updated asset objects reloaded before import = 0
Number of asset objects unloaded after import = 28
========================================================================
Received Import Request.
  Time since last request: 9.889635 seconds.
  path: Assets/Prefabs/paths/Extension1_CodoHombro 1.prefab
  artifactKey: Guid(d657ebd6bb806354a99a4f7629a7af16) Importer(815301076,1909f56bfc062723c751e8b465ee728b)
Start importing Assets/Prefabs/paths/Extension1_CodoHombro 1.prefab using Guid(d657ebd6bb806354a99a4f7629a7af16) Importer(815301076,1909f56bfc062723c751e8b465ee728b)  -> (artifact id: 'c383a79cc9903abcb10d8ae1fe880cc3') in 0.010108 seconds
Number of updated asset objects reloaded before import = 0
Number of asset objects unloaded after import = 28
========================================================================
Received Import Request.
  Time since last request: 11.075233 seconds.
  path: Assets/Prefabs/paths/Extension2_CodoHombro.prefab
  artifactKey: Guid(fc917b0327dbfaf49ae4b7da3c19e35e) Importer(815301076,1909f56bfc062723c751e8b465ee728b)
Start importing Assets/Prefabs/paths/Extension2_CodoHombro.prefab using Guid(fc917b0327dbfaf49ae4b7da3c19e35e) Importer(815301076,1909f56bfc062723c751e8b465ee728b)  -> (artifact id: 'cb290eca80d370588af617c1519e1af7') in 0.007676 seconds
Number of updated asset objects reloaded before import = 0
Number of asset objects unloaded after import = 28
========================================================================
Received Import Request.
  Time since last request: 4.018105 seconds.
  path: Assets/Prefabs/paths/Extension2_CodoHombro.prefab
  artifactKey: Guid(fc917b0327dbfaf49ae4b7da3c19e35e) Importer(815301076,1909f56bfc062723c751e8b465ee728b)
Start importing Assets/Prefabs/paths/Extension2_CodoHombro.prefab using Guid(fc917b0327dbfaf49ae4b7da3c19e35e) Importer(815301076,1909f56bfc062723c751e8b465ee728b)  -> (artifact id: 'fd2e4aca9006caa8282508eee4ff198a') in 0.009690 seconds
Number of updated asset objects reloaded before import = 0
Number of asset objects unloaded after import = 28
========================================================================
Received Import Request.
  Time since last request: 50.797317 seconds.
  path: Assets/Prefabs/paths/Flexion1_CodoHombro.prefab
  artifactKey: Guid(8b5b03610bc1408489d893bd2d15abeb) Importer(815301076,1909f56bfc062723c751e8b465ee728b)
Start importing Assets/Prefabs/paths/Flexion1_CodoHombro.prefab using Guid(8b5b03610bc1408489d893bd2d15abeb) Importer(815301076,1909f56bfc062723c751e8b465ee728b)  -> (artifact id: 'e8c4aa2a1ca08f7befa478af8b775894') in 0.008502 seconds
Number of updated asset objects reloaded before import = 0
Number of asset objects unloaded after import = 28
========================================================================
Received Import Request.
  Time since last request: 366.229128 seconds.
  path: Assets/Prefabs/paths/RotInterna_Hombro.prefab
  artifactKey: Guid(e2a54adf648584045be232607bbfb7f7) Importer(815301076,1909f56bfc062723c751e8b465ee728b)
Start importing Assets/Prefabs/paths/RotInterna_Hombro.prefab using Guid(e2a54adf648584045be232607bbfb7f7) Importer(815301076,1909f56bfc062723c751e8b465ee728b)  -> (artifact id: '50217896e8e941c43fd169cfe1fc97a2') in 0.008927 seconds
Number of updated asset objects reloaded before import = 0
Number of asset objects unloaded after import = 28
========================================================================
Received Import Request.
  Time since last request: 37.738487 seconds.
  path: Assets/Prefabs/paths/Flexion2_CodoHombro.prefab
  artifactKey: Guid(8649dbcf449ca8843898435a70d17c01) Importer(815301076,1909f56bfc062723c751e8b465ee728b)
Start importing Assets/Prefabs/paths/Flexion2_CodoHombro.prefab using Guid(8649dbcf449ca8843898435a70d17c01) Importer(815301076,1909f56bfc062723c751e8b465ee728b)  -> (artifact id: '27e84f330e97ba27ceeccd21cc5c00ea') in 0.008297 seconds
Number of updated asset objects reloaded before import = 0
Number of asset objects unloaded after import = 28
========================================================================
Received Import Request.
  Time since last request: 6.449273 seconds.
  path: Assets/Prefabs/paths/Flexion3_CodoHombro.prefab
  artifactKey: Guid(19949459c83f0684ba630d2b95f5463d) Importer(815301076,1909f56bfc062723c751e8b465ee728b)
Start importing Assets/Prefabs/paths/Flexion3_CodoHombro.prefab using Guid(19949459c83f0684ba630d2b95f5463d) Importer(815301076,1909f56bfc062723c751e8b465ee728b)  -> (artifact id: 'a6f7233522cb8552d3614906b5a5edbf') in 0.007383 seconds
Number of updated asset objects reloaded before import = 0
Number of asset objects unloaded after import = 28
========================================================================
Received Import Request.
  Time since last request: 4.844883 seconds.
  path: Assets/Prefabs/paths/Flexion3_CodoHombro.prefab
  artifactKey: Guid(19949459c83f0684ba630d2b95f5463d) Importer(815301076,1909f56bfc062723c751e8b465ee728b)
Start importing Assets/Prefabs/paths/Flexion3_CodoHombro.prefab using Guid(19949459c83f0684ba630d2b95f5463d) Importer(815301076,1909f56bfc062723c751e8b465ee728b)  -> (artifact id: '7dcf074ae5cc9ce461c45c70420d8ff9') in 0.010186 seconds
Number of updated asset objects reloaded before import = 0
Number of asset objects unloaded after import = 28
